<?xml version="1.0" encoding="UTF-8"?>
<testng-results ignored="0" total="1" passed="1" failed="0" skipped="0">
  <reporter-output>
  </reporter-output>
  <suite started-at="2022-09-10T22:22:42 IST" name="Default suite" finished-at="2022-09-10T22:23:44 IST" duration-ms="62248">
    <groups>
    </groups>
    <test started-at="2022-09-10T22:22:42 IST" name="Default test" finished-at="2022-09-10T22:23:44 IST" duration-ms="62248">
      <class name="com.website.scripts.TC_014">
        <test-method is-config="true" signature="onSetup()[pri:0, instance:com.website.scripts.TC_014@2f9f7dcf]" started-at="2022-09-10T22:22:42 IST" name="onSetup" finished-at="2022-09-10T22:22:54 IST" duration-ms="11771" status="PASS">
          <reporter-output>
          </reporter-output>
        </test-method> <!-- onSetup -->
        <test-method signature="verifyValidLogin()[pri:1, instance:com.website.scripts.TC_014@2f9f7dcf]" started-at="2022-09-10T22:22:54 IST" name="verifyValidLogin" finished-at="2022-09-10T22:23:44 IST" duration-ms="50405" status="PASS">
          <reporter-output>
          </reporter-output>
        </test-method> <!-- verifyValidLogin -->
      </class> <!-- com.website.scripts.TC_014 -->
    </test> <!-- Default test -->
  </suite> <!-- Default suite -->
</testng-results>
